<?xml version="1.0" encoding="UTF-8"?>
<!-- Generated by org.testng.reporters.JUnitReportReporter -->
<testsuite hostname="rajeshwari" failures="0" tests="1" name="Module1_Login_Test.SwagLabLoginTest1" time="10.248" errors="0" timestamp="2023-11-27T16:04:12 IST" skipped="0">
  <testcase classname="Module1_Login_Test.SwagLabLoginTest1" name="VerifyTitle" time="10.248"/>
</testsuite> <!-- Module1_Login_Test.SwagLabLoginTest1 -->
