<?xml version="1.0" encoding="UTF-8"?>
<!-- Generated by org.testng.reporters.JUnitReportReporter -->
<testsuite hostname="OFFICE" failures="0" tests="2" name="Test_Class.SwagLabTestClass" time="47.069" errors="0" timestamp="2023-12-04T12:31:13 IST" skipped="0">
  <testcase classname="Test_Class.SwagLabTestClass" name="verifyTitle" time="35.824"/>
  <testcase classname="Test_Class.SwagLabTestClass" name="addToCart" time="11.245"/>
</testsuite> <!-- Test_Class.SwagLabTestClass -->
